2024/04/09 20:56:15 [warn] 1#1: conflicting server name "localhost" on 0.0.0.0:80, ignored
2024/04/09 20:56:15 [warn] 1#1: conflicting server name "localhost" on 0.0.0.0:80, ignored
2024/04/09 20:56:15 [notice] 1#1: using the "epoll" event method
2024/04/09 20:56:15 [notice] 1#1: nginx/1.25.4
2024/04/09 20:56:15 [notice] 1#1: built by gcc 12.2.1 20220924 (Alpine 12.2.1_git20220924-r10) 
2024/04/09 20:56:15 [notice] 1#1: OS: Linux 5.15.146.1-microsoft-standard-WSL2
2024/04/09 20:56:15 [notice] 1#1: getrlimit(RLIMIT_NOFILE): 1048576:1048576
2024/04/09 20:56:15 [notice] 1#1: using the "epoll" event method
2024/04/09 20:56:15 [notice] 1#1: start worker processes
2024/04/09 20:56:15 [notice] 1#1: nginx/1.25.4
2024/04/09 20:56:15 [notice] 1#1: built by gcc 12.2.1 20220924 (Alpine 12.2.1_git20220924-r10) 
2024/04/09 20:56:15 [notice] 1#1: start worker process 30
2024/04/09 20:56:15 [notice] 1#1: OS: Linux 5.15.146.1-microsoft-standard-WSL2
2024/04/09 20:56:15 [notice] 1#1: getrlimit(RLIMIT_NOFILE): 1048576:1048576
2024/04/09 20:56:15 [notice] 1#1: start worker process 31
2024/04/09 20:56:15 [notice] 1#1: start worker process 32
2024/04/09 20:56:15 [notice] 1#1: start worker process 33
2024/04/09 20:56:15 [notice] 1#1: start worker process 34
2024/04/09 20:56:15 [notice] 1#1: start worker process 35
2024/04/09 20:56:15 [notice] 1#1: start worker process 36
2024/04/09 20:56:15 [notice] 1#1: start worker process 37
2024/04/09 20:56:15 [notice] 1#1: start worker processes
2024/04/09 20:56:15 [notice] 1#1: start worker process 30
2024/04/09 20:56:15 [notice] 1#1: start worker process 31
2024/04/09 20:56:15 [notice] 1#1: start worker process 32
2024/04/09 20:56:15 [notice] 1#1: start worker process 33
2024/04/09 20:56:15 [notice] 1#1: start worker process 34
2024/04/09 20:56:15 [notice] 1#1: start worker process 35
2024/04/09 20:56:15 [notice] 1#1: start worker process 36
2024/04/09 20:56:15 [notice] 1#1: start worker process 37
2024/04/13 16:17:18 [warn] 1#1: conflicting server name "localhost" on 0.0.0.0:80, ignored
2024/04/13 16:17:18 [notice] 1#1: using the "epoll" event method
2024/04/13 16:17:18 [notice] 1#1: nginx/1.25.4
2024/04/13 16:17:18 [notice] 1#1: built by gcc 12.2.1 20220924 (Alpine 12.2.1_git20220924-r10) 
2024/04/13 16:17:18 [notice] 1#1: OS: Linux 5.15.146.1-microsoft-standard-WSL2
2024/04/13 16:17:18 [notice] 1#1: getrlimit(RLIMIT_NOFILE): 1048576:1048576
2024/04/13 16:17:18 [notice] 1#1: start worker processes
2024/04/13 16:17:18 [notice] 1#1: start worker process 23
2024/04/13 16:17:18 [notice] 1#1: start worker process 24
2024/04/13 16:17:18 [notice] 1#1: start worker process 25
2024/04/13 16:17:18 [notice] 1#1: start worker process 26
2024/04/13 16:17:18 [notice] 1#1: start worker process 27
2024/04/13 16:17:18 [notice] 1#1: start worker process 28
2024/04/13 16:17:18 [notice] 1#1: start worker process 29
2024/04/13 16:17:18 [notice] 1#1: start worker process 30
2024/04/13 16:17:18 [warn] 1#1: conflicting server name "localhost" on 0.0.0.0:80, ignored
2024/04/13 16:17:18 [notice] 1#1: using the "epoll" event method
2024/04/13 16:17:18 [notice] 1#1: nginx/1.25.4
2024/04/13 16:17:18 [notice] 1#1: built by gcc 12.2.1 20220924 (Alpine 12.2.1_git20220924-r10) 
2024/04/13 16:17:18 [notice] 1#1: OS: Linux 5.15.146.1-microsoft-standard-WSL2
2024/04/13 16:17:18 [notice] 1#1: getrlimit(RLIMIT_NOFILE): 1048576:1048576
2024/04/13 16:17:18 [notice] 1#1: start worker processes
2024/04/13 16:17:18 [notice] 1#1: start worker process 23
2024/04/13 16:17:18 [notice] 1#1: start worker process 24
2024/04/13 16:17:18 [notice] 1#1: start worker process 25
2024/04/13 16:17:18 [notice] 1#1: start worker process 26
2024/04/13 16:17:18 [notice] 1#1: start worker process 27
2024/04/13 16:17:18 [notice] 1#1: start worker process 28
2024/04/13 16:17:18 [notice] 1#1: start worker process 29
2024/04/13 16:17:18 [notice] 1#1: start worker process 30
2024/04/13 16:26:04 [notice] 1#1: signal 3 (SIGQUIT) received, shutting down
2024/04/13 16:26:04 [notice] 24#24: gracefully shutting down
2024/04/13 16:26:04 [notice] 1#1: signal 3 (SIGQUIT) received, shutting down
2024/04/13 16:26:04 [notice] 29#29: gracefully shutting down
2024/04/13 16:26:04 [notice] 23#23: gracefully shutting down
2024/04/13 16:26:04 [notice] 25#25: gracefully shutting down
2024/04/13 16:26:04 [notice] 25#25: exiting
2024/04/13 16:26:04 [notice] 23#23: gracefully shutting down
2024/04/13 16:26:04 [notice] 27#27: gracefully shutting down
2024/04/13 16:26:04 [notice] 24#24: gracefully shutting down
2024/04/13 16:26:04 [notice] 27#27: exiting
2024/04/13 16:26:04 [notice] 23#23: exiting
2024/04/13 16:26:04 [notice] 26#26: gracefully shutting down
2024/04/13 16:26:04 [notice] 24#24: exiting
2024/04/13 16:26:04 [notice] 30#30: gracefully shutting down
2024/04/13 16:26:04 [notice] 25#25: gracefully shutting down
2024/04/13 16:26:04 [notice] 29#29: exiting
2024/04/13 16:26:04 [notice] 24#24: exiting
2024/04/13 16:26:04 [notice] 27#27: gracefully shutting down
2024/04/13 16:26:04 [notice] 23#23: exiting
2024/04/13 16:26:04 [notice] 30#30: gracefully shutting down
2024/04/13 16:26:04 [notice] 28#28: gracefully shutting down
2024/04/13 16:26:04 [notice] 25#25: exit
2024/04/13 16:26:04 [notice] 29#29: gracefully shutting down
2024/04/13 16:26:04 [notice] 28#28: exiting
2024/04/13 16:26:04 [notice] 23#23: exit
2024/04/13 16:26:04 [notice] 27#27: exit
2024/04/13 16:26:04 [notice] 28#28: gracefully shutting down
2024/04/13 16:26:04 [notice] 26#26: exiting
2024/04/13 16:26:04 [notice] 26#26: gracefully shutting down
2024/04/13 16:26:04 [notice] 30#30: exiting
2024/04/13 16:26:04 [notice] 25#25: exiting
2024/04/13 16:26:04 [notice] 29#29: exit
2024/04/13 16:26:04 [notice] 24#24: exit
2024/04/13 16:26:04 [notice] 25#25: exit
2024/04/13 16:26:04 [notice] 23#23: exit
2024/04/13 16:26:04 [notice] 27#27: exiting
2024/04/13 16:26:04 [notice] 26#26: exit
2024/04/13 16:26:04 [notice] 27#27: exit
2024/04/13 16:26:04 [notice] 30#30: exit
2024/04/13 16:26:04 [notice] 30#30: exiting
2024/04/13 16:26:04 [notice] 28#28: exit
2024/04/13 16:26:04 [notice] 29#29: exiting
2024/04/13 16:26:04 [notice] 24#24: exit
2024/04/13 16:26:04 [notice] 28#28: exiting
2024/04/13 16:26:04 [notice] 26#26: exiting
2024/04/13 16:26:04 [notice] 30#30: exit
2024/04/13 16:26:04 [notice] 29#29: exit
2024/04/13 16:26:04 [notice] 28#28: exit
2024/04/13 16:26:04 [notice] 26#26: exit
2024/04/13 16:26:05 [notice] 1#1: signal 17 (SIGCHLD) received from 25
2024/04/13 16:26:05 [notice] 1#1: worker process 25 exited with code 0
2024/04/13 16:26:05 [notice] 1#1: worker process 30 exited with code 0
2024/04/13 16:26:05 [notice] 1#1: signal 17 (SIGCHLD) received from 24
2024/04/13 16:26:05 [notice] 1#1: worker process 24 exited with code 0
2024/04/13 16:26:05 [notice] 1#1: signal 29 (SIGIO) received
2024/04/13 16:26:05 [notice] 1#1: signal 29 (SIGIO) received
2024/04/13 16:26:05 [notice] 1#1: signal 17 (SIGCHLD) received from 30
2024/04/13 16:26:05 [notice] 1#1: signal 17 (SIGCHLD) received from 23
2024/04/13 16:26:05 [notice] 1#1: signal 17 (SIGCHLD) received from 24
2024/04/13 16:26:05 [notice] 1#1: worker process 23 exited with code 0
2024/04/13 16:26:05 [notice] 1#1: worker process 23 exited with code 0
2024/04/13 16:26:05 [notice] 1#1: worker process 24 exited with code 0
2024/04/13 16:26:05 [notice] 1#1: worker process 25 exited with code 0
2024/04/13 16:26:05 [notice] 1#1: worker process 26 exited with code 0
2024/04/13 16:26:05 [notice] 1#1: worker process 26 exited with code 0
2024/04/13 16:26:05 [notice] 1#1: worker process 27 exited with code 0
2024/04/13 16:26:05 [notice] 1#1: worker process 27 exited with code 0
2024/04/13 16:26:05 [notice] 1#1: worker process 28 exited with code 0
2024/04/13 16:26:05 [notice] 1#1: worker process 29 exited with code 0
2024/04/13 16:26:05 [notice] 1#1: worker process 30 exited with code 0
2024/04/13 16:26:05 [notice] 1#1: worker process 29 exited with code 0
2024/04/13 16:26:05 [notice] 1#1: signal 29 (SIGIO) received
2024/04/13 16:26:05 [notice] 1#1: signal 17 (SIGCHLD) received from 29
2024/04/13 16:26:05 [notice] 1#1: exit
2024/04/13 16:26:05 [notice] 1#1: signal 17 (SIGCHLD) received from 28
2024/04/13 16:26:05 [notice] 1#1: worker process 28 exited with code 0
2024/04/13 16:26:05 [notice] 1#1: exit
2024/04/13 16:26:28 [warn] 1#1: conflicting server name "localhost" on 0.0.0.0:80, ignored
2024/04/13 16:26:28 [notice] 1#1: using the "epoll" event method
2024/04/13 16:26:28 [notice] 1#1: nginx/1.25.4
2024/04/13 16:26:28 [notice] 1#1: built by gcc 12.2.1 20220924 (Alpine 12.2.1_git20220924-r10) 
2024/04/13 16:26:28 [notice] 1#1: OS: Linux 5.15.146.1-microsoft-standard-WSL2
2024/04/13 16:26:28 [notice] 1#1: getrlimit(RLIMIT_NOFILE): 1048576:1048576
2024/04/13 16:26:28 [notice] 1#1: start worker processes
2024/04/13 16:26:28 [notice] 1#1: start worker process 22
2024/04/13 16:26:28 [notice] 1#1: start worker process 23
2024/04/13 16:26:28 [notice] 1#1: start worker process 24
2024/04/13 16:26:28 [notice] 1#1: start worker process 25
2024/04/13 16:26:28 [notice] 1#1: start worker process 26
2024/04/13 16:26:28 [notice] 1#1: start worker process 27
2024/04/13 16:26:28 [notice] 1#1: start worker process 28
2024/04/13 16:26:28 [notice] 1#1: start worker process 29
2024/04/13 16:26:28 [warn] 1#1: conflicting server name "localhost" on 0.0.0.0:80, ignored
2024/04/13 16:26:28 [notice] 1#1: using the "epoll" event method
2024/04/13 16:26:28 [notice] 1#1: nginx/1.25.4
2024/04/13 16:26:28 [notice] 1#1: built by gcc 12.2.1 20220924 (Alpine 12.2.1_git20220924-r10) 
2024/04/13 16:26:28 [notice] 1#1: OS: Linux 5.15.146.1-microsoft-standard-WSL2
2024/04/13 16:26:28 [notice] 1#1: getrlimit(RLIMIT_NOFILE): 1048576:1048576
2024/04/13 16:26:28 [notice] 1#1: start worker processes
2024/04/13 16:26:28 [notice] 1#1: start worker process 22
2024/04/13 16:26:28 [notice] 1#1: start worker process 23
2024/04/13 16:26:28 [notice] 1#1: start worker process 24
2024/04/13 16:26:28 [notice] 1#1: start worker process 25
2024/04/13 16:26:28 [notice] 1#1: start worker process 26
2024/04/13 16:26:28 [notice] 1#1: start worker process 27
2024/04/13 16:26:28 [notice] 1#1: start worker process 28
2024/04/13 16:26:28 [notice] 1#1: start worker process 29
2024/04/13 18:28:39 [notice] 1#1: signal 3 (SIGQUIT) received, shutting down
2024/04/13 18:28:39 [notice] 1#1: signal 3 (SIGQUIT) received, shutting down
2024/04/13 18:28:39 [notice] 22#22: gracefully shutting down
2024/04/13 18:28:39 [notice] 23#23: gracefully shutting down
2024/04/13 18:28:39 [notice] 24#24: gracefully shutting down
2024/04/13 18:28:39 [notice] 26#26: gracefully shutting down
2024/04/13 18:28:39 [notice] 23#23: gracefully shutting down
2024/04/13 18:28:39 [notice] 24#24: gracefully shutting down
2024/04/13 18:28:39 [notice] 25#25: gracefully shutting down
2024/04/13 18:28:39 [notice] 22#22: gracefully shutting down
2024/04/13 18:28:39 [notice] 25#25: gracefully shutting down
2024/04/13 18:28:39 [notice] 27#27: gracefully shutting down
2024/04/13 18:28:39 [notice] 28#28: gracefully shutting down
2024/04/13 18:28:39 [notice] 27#27: gracefully shutting down
2024/04/13 18:28:39 [notice] 26#26: gracefully shutting down
2024/04/13 18:28:39 [notice] 28#28: gracefully shutting down
2024/04/13 18:28:39 [notice] 29#29: gracefully shutting down
2024/04/13 18:28:39 [notice] 29#29: gracefully shutting down
2024/04/13 18:28:39 [notice] 25#25: exiting
2024/04/13 18:28:39 [notice] 24#24: exiting
2024/04/13 18:28:39 [notice] 26#26: exiting
2024/04/13 18:28:39 [notice] 28#28: exiting
2024/04/13 18:28:39 [notice] 25#25: exiting
2024/04/13 18:28:39 [notice] 27#27: exiting
2024/04/13 18:28:39 [notice] 29#29: exiting
2024/04/13 18:28:39 [notice] 26#26: exit
2024/04/13 18:28:39 [notice] 25#25: exit
2024/04/13 18:28:39 [notice] 29#29: exit
2024/04/13 18:28:39 [notice] 28#28: exit
2024/04/13 18:28:39 [notice] 24#24: exit
2024/04/13 18:28:39 [notice] 27#27: exit
2024/04/13 18:28:39 [notice] 22#22: exiting
2024/04/13 18:28:39 [notice] 22#22: exit
2024/04/13 18:28:39 [notice] 23#23: exiting
2024/04/13 18:28:39 [notice] 23#23: exit
2024/04/13 18:28:39 [notice] 22#22: exiting
2024/04/13 18:28:39 [notice] 22#22: exit
2024/04/13 18:28:39 [notice] 26#26: exiting
2024/04/13 18:28:39 [notice] 28#28: exiting
2024/04/13 18:28:39 [notice] 23#23: exiting
2024/04/13 18:28:39 [notice] 24#24: exiting
2024/04/13 18:28:39 [notice] 27#27: exiting
2024/04/13 18:28:39 [notice] 29#29: exiting
2024/04/13 18:28:39 [notice] 25#25: exit
2024/04/13 18:28:39 [notice] 26#26: exit
2024/04/13 18:28:39 [notice] 28#28: exit
2024/04/13 18:28:39 [notice] 23#23: exit
2024/04/13 18:28:39 [notice] 24#24: exit
2024/04/13 18:28:39 [notice] 27#27: exit
2024/04/13 18:28:39 [notice] 29#29: exit
2024/04/13 18:28:39 [notice] 1#1: signal 17 (SIGCHLD) received from 29
2024/04/13 18:28:39 [notice] 1#1: signal 17 (SIGCHLD) received from 29
2024/04/13 18:28:39 [notice] 1#1: worker process 23 exited with code 0
2024/04/13 18:28:39 [notice] 1#1: worker process 27 exited with code 0
2024/04/13 18:28:39 [notice] 1#1: worker process 24 exited with code 0
2024/04/13 18:28:39 [notice] 1#1: worker process 29 exited with code 0
2024/04/13 18:28:39 [notice] 1#1: worker process 28 exited with code 0
2024/04/13 18:28:39 [notice] 1#1: worker process 29 exited with code 0
2024/04/13 18:28:39 [notice] 1#1: signal 29 (SIGIO) received
2024/04/13 18:28:39 [notice] 1#1: signal 29 (SIGIO) received
2024/04/13 18:28:39 [notice] 1#1: signal 17 (SIGCHLD) received from 28
2024/04/13 18:28:39 [notice] 1#1: signal 17 (SIGCHLD) received from 23
2024/04/13 18:28:39 [notice] 1#1: signal 17 (SIGCHLD) received from 27
2024/04/13 18:28:39 [notice] 1#1: worker process 23 exited with code 0
2024/04/13 18:28:39 [notice] 1#1: worker process 27 exited with code 0
2024/04/13 18:28:39 [notice] 1#1: signal 29 (SIGIO) received
2024/04/13 18:28:39 [notice] 1#1: worker process 26 exited with code 0
2024/04/13 18:28:39 [notice] 1#1: signal 29 (SIGIO) received
2024/04/13 18:28:39 [notice] 1#1: signal 17 (SIGCHLD) received from 26
2024/04/13 18:28:39 [notice] 1#1: signal 17 (SIGCHLD) received from 26
2024/04/13 18:28:39 [notice] 1#1: worker process 22 exited with code 0
2024/04/13 18:28:39 [notice] 1#1: signal 17 (SIGCHLD) received from 22
2024/04/13 18:28:39 [notice] 1#1: worker process 25 exited with code 0
2024/04/13 18:28:39 [notice] 1#1: worker process 26 exited with code 0
2024/04/13 18:28:39 [notice] 1#1: worker process 22 exited with code 0
2024/04/13 18:28:39 [notice] 1#1: worker process 28 exited with code 0
2024/04/13 18:28:39 [notice] 1#1: signal 29 (SIGIO) received
2024/04/13 18:28:39 [notice] 1#1: signal 29 (SIGIO) received
2024/04/13 18:28:39 [notice] 1#1: signal 17 (SIGCHLD) received from 22
2024/04/13 18:28:39 [notice] 1#1: signal 17 (SIGCHLD) received from 25
2024/04/13 18:28:39 [notice] 1#1: signal 17 (SIGCHLD) received from 24
2024/04/13 18:28:39 [notice] 1#1: worker process 25 exited with code 0
2024/04/13 18:28:39 [notice] 1#1: worker process 24 exited with code 0
2024/04/13 18:28:39 [notice] 1#1: exit
2024/04/13 18:28:39 [notice] 1#1: exit
